<?xml version="1.0" encoding="UTF-8"?>
<!-- Generated by org.testng.reporters.JUnitXMLReporter -->
<testsuite ignored="0" hostname="ZAOMPEUCV0049" failures="1" tests="2" name="Test" time="31.916" errors="0" timestamp="2021-02-16T15:52:08 SAST">
  <testcase classname="testCases.ExtentReportTest2" name="checkgoogle" time="0.024"/>
  <testcase classname="testCases.ExtentReportTest" name="checkhomepage" time="4.185">
    <failure type="junit.framework.AssertionFailedError" message="expected:&amp;lt;true&amp;gt; but was:&amp;lt;false&amp;gt;">
      <![CDATA[junit.framework.AssertionFailedError: expected:<true> but was:<false>
at junit.framework.Assert.fail(Assert.java:57)
at junit.framework.Assert.failNotEquals(Assert.java:329)
at junit.framework.Assert.assertEquals(Assert.java:78)
at junit.framework.Assert.assertEquals(Assert.java:174)
at junit.framework.Assert.assertEquals(Assert.java:181)
at testCases.ExtentReportTest.checkhomepage(ExtentReportTest.java:17)
at java.base/java.util.ArrayList.forEach(ArrayList.java:1511)
... Removed 27 stack frames]]>
    </failure>
  </testcase> <!-- checkhomepage -->
</testsuite> <!-- Test -->
