<?xml version="1.0" encoding="UTF-8"?>
<testng-results ignored="0" total="2" passed="1" failed="1" skipped="0">
  <reporter-output>
  </reporter-output>
  <suite started-at="2021-02-16T15:51:36 SAST" name="Suite" finished-at="2021-02-16T15:52:08 SAST" duration-ms="31916">
    <groups>
    </groups>
    <test started-at="2021-02-16T15:51:36 SAST" name="Test" finished-at="2021-02-16T15:52:08 SAST" duration-ms="31916">
      <class name="testCases.ExtentReportTest">
        <test-method is-config="true" signature="initBrowser()[pri:0, instance:testCases.ExtentReportTest@1b835480]" started-at="2021-02-16T15:51:50 SAST" name="initBrowser" finished-at="2021-02-16T15:51:56 SAST" duration-ms="6267" status="PASS">
          <reporter-output>
          </reporter-output>
        </test-method> <!-- initBrowser -->
        <test-method signature="checkhomepage()[pri:0, instance:testCases.ExtentReportTest@1b835480]" started-at="2021-02-16T15:51:56 SAST" name="checkhomepage" finished-at="2021-02-16T15:52:01 SAST" duration-ms="4185" status="FAIL">
          <exception class="junit.framework.AssertionFailedError">
            <message>
              <![CDATA[expected:<true> but was:<false>]]>
            </message>
            <full-stacktrace>
              <![CDATA[junit.framework.AssertionFailedError: expected:<true> but was:<false>
at junit.framework.Assert.fail(Assert.java:57)
at junit.framework.Assert.failNotEquals(Assert.java:329)
at junit.framework.Assert.assertEquals(Assert.java:78)
at junit.framework.Assert.assertEquals(Assert.java:174)
at junit.framework.Assert.assertEquals(Assert.java:181)
at testCases.ExtentReportTest.checkhomepage(ExtentReportTest.java:17)
at java.base/jdk.internal.reflect.NativeMethodAccessorImpl.invoke0(Native Method)
at java.base/jdk.internal.reflect.NativeMethodAccessorImpl.invoke(NativeMethodAccessorImpl.java:64)
at java.base/jdk.internal.reflect.DelegatingMethodAccessorImpl.invoke(DelegatingMethodAccessorImpl.java:43)
at java.base/java.lang.reflect.Method.invoke(Method.java:564)
at org.testng.internal.MethodInvocationHelper.invokeMethod(MethodInvocationHelper.java:134)
at org.testng.internal.TestInvoker.invokeMethod(TestInvoker.java:597)
at org.testng.internal.TestInvoker.invokeTestMethod(TestInvoker.java:173)
at org.testng.internal.MethodRunner.runInSequence(MethodRunner.java:46)
at org.testng.internal.TestInvoker$MethodInvocationAgent.invoke(TestInvoker.java:816)
at org.testng.internal.TestInvoker.invokeTestMethods(TestInvoker.java:146)
at org.testng.internal.TestMethodWorker.invokeTestMethods(TestMethodWorker.java:146)
at org.testng.internal.TestMethodWorker.run(TestMethodWorker.java:128)
at java.base/java.util.ArrayList.forEach(ArrayList.java:1511)
at org.testng.TestRunner.privateRun(TestRunner.java:766)
at org.testng.TestRunner.run(TestRunner.java:587)
at org.testng.SuiteRunner.runTest(SuiteRunner.java:384)
at org.testng.SuiteRunner.runSequentially(SuiteRunner.java:378)
at org.testng.SuiteRunner.privateRun(SuiteRunner.java:337)
at org.testng.SuiteRunner.run(SuiteRunner.java:286)
at org.testng.SuiteRunnerWorker.runSuite(SuiteRunnerWorker.java:53)
at org.testng.SuiteRunnerWorker.run(SuiteRunnerWorker.java:96)
at org.testng.TestNG.runSuitesSequentially(TestNG.java:1187)
at org.testng.TestNG.runSuitesLocally(TestNG.java:1109)
at org.testng.TestNG.runSuites(TestNG.java:1039)
at org.testng.TestNG.run(TestNG.java:1007)
at org.testng.remote.AbstractRemoteTestNG.run(AbstractRemoteTestNG.java:115)
at org.testng.remote.RemoteTestNG.initAndRun(RemoteTestNG.java:251)
at org.testng.remote.RemoteTestNG.main(RemoteTestNG.java:77)
]]>
            </full-stacktrace>
          </exception> <!-- junit.framework.AssertionFailedError -->
          <reporter-output>
          </reporter-output>
        </test-method> <!-- checkhomepage -->
        <test-method is-config="true" signature="closeBrowser()[pri:0, instance:testCases.ExtentReportTest@1b835480]" started-at="2021-02-16T15:52:05 SAST" name="closeBrowser" finished-at="2021-02-16T15:52:08 SAST" duration-ms="3204" status="PASS">
          <reporter-output>
          </reporter-output>
        </test-method> <!-- closeBrowser -->
      </class> <!-- testCases.ExtentReportTest -->
      <class name="testCases.ExtentReportTest2">
        <test-method is-config="true" signature="initBrowser()[pri:0, instance:testCases.ExtentReportTest2@4b1d6571]" started-at="2021-02-16T15:51:36 SAST" name="initBrowser" finished-at="2021-02-16T15:51:49 SAST" duration-ms="12664" status="PASS">
          <reporter-output>
          </reporter-output>
        </test-method> <!-- initBrowser -->
        <test-method signature="checkgoogle()[pri:0, instance:testCases.ExtentReportTest2@4b1d6571]" started-at="2021-02-16T15:51:49 SAST" name="checkgoogle" finished-at="2021-02-16T15:51:49 SAST" duration-ms="24" status="PASS">
          <reporter-output>
          </reporter-output>
        </test-method> <!-- checkgoogle -->
        <test-method is-config="true" signature="closeBrowser()[pri:0, instance:testCases.ExtentReportTest2@4b1d6571]" started-at="2021-02-16T15:51:49 SAST" name="closeBrowser" finished-at="2021-02-16T15:51:50 SAST" duration-ms="1196" status="PASS">
          <reporter-output>
          </reporter-output>
        </test-method> <!-- closeBrowser -->
      </class> <!-- testCases.ExtentReportTest2 -->
    </test> <!-- Test -->
  </suite> <!-- Suite -->
</testng-results>
